<?xml version="1.0" encoding="UTF-8"?>
<testsuite name="flows.FilterFlow" tests="1" skipped="0" failures="0" errors="0" timestamp="2020-01-07T10:54:57" hostname="DESKTOP-J57H3DV" time="25.94">
  <properties/>
  <testcase name="filterfield" classname="flows.FilterFlow" time="25.94"/>
  <system-out><![CDATA[]]></system-out>
  <system-err><![CDATA[Starting ChromeDriver 78.0.3904.105 (60e2d8774a8151efa6a00b1f358371b1e0e07ee2-refs/branch-heads/3904@{#877}) on port 7448
Only local connections are allowed.
Please protect ports used by ChromeDriver and related test frameworks to prevent access by malicious code.
[1578394498.076][WARNING]: This version of ChromeDriver has not been tested with Chrome version 79.
Jan 07, 2020 4:24:59 PM org.openqa.selenium.remote.ProtocolHandshake createSession
INFO: Detected dialect: W3C
]]></system-err>
</testsuite>
